INFO 2021-10-01 14:06:57 :: ----> New download processing
INFO 2021-10-01 14:06:57 :: Latest available rap cycle: 2021-10-01 17:00:00
INFO 2021-10-01 14:06:57 :: target_cycle extended cycle is: 2021-10-01 15:00:00
INFO 2021-10-01 14:06:57 :: latest_rap file not found. Continuing with download
INFO 2021-10-01 14:06:57 :: Good URL status for: kord
INFO 2021-10-01 14:06:57 :: Good URL status for: kmdw
INFO 2021-10-01 14:06:57 :: Good URL status for: kgyy
INFO 2021-10-01 14:06:58 :: Good URL status for: krfd
INFO 2021-10-01 14:06:58 :: Good URL status for: kugn
INFO 2021-10-01 14:06:58 :: Good URL status for: kdpa
INFO 2021-10-01 14:06:58 :: Good URL status for: kikk
INFO 2021-10-01 14:06:58 :: Good URL status for: kvys
INFO 2021-10-01 14:06:58 :: Good URL status for: kpnt
INFO 2021-10-01 14:06:58 :: Good URL status for: kc09
INFO 2021-10-01 14:06:58 :: Good URL status for: krpj
INFO 2021-10-01 14:06:58 :: Good URL status for: kmgc
INFO 2021-10-01 14:06:58 :: Good URL status for: brhr
INFO 2021-10-01 14:06:58 :: Good URL status for: lm2
INFO 2021-10-01 14:06:58 :: Good URL status for: lm3
INFO 2021-10-01 14:06:58 :: Good URL status for: kcgx
INFO 2021-10-01 14:06:58 :: Good URL status for: klaf
INFO 2021-10-01 14:06:58 :: Good URL status for: kvpz
INFO 2021-10-01 14:06:58 :: Good URL status for: 3ck
INFO 2021-10-01 14:06:58 :: Good URL status for: kdkb
INFO 2021-10-01 14:06:59 :: Good URL status for: karr
INFO 2021-10-01 14:06:59 :: Good URL status for: klot
INFO 2021-10-01 14:06:59 :: Good URL status for: kvpz
INFO 2021-10-01 14:06:59 :: Good URL status for: p%23b
INFO 2021-10-01 14:06:59 :: Good URL status for: paxt
INFO 2021-10-01 14:07:01 :: Function: download_bufkit took: 4.2 seconds
INFO 2021-10-01 14:07:26 :: ----> New download processing
INFO 2021-10-01 14:07:26 :: Latest available hrrr cycle: 2021-10-01 17:00:00
INFO 2021-10-01 14:07:26 :: target_cycle extended cycle is: 2021-10-01 12:00:00
INFO 2021-10-01 14:07:26 :: latest_hrrr file not found. Continuing with download
INFO 2021-10-01 14:07:26 :: Good URL status for: kord
INFO 2021-10-01 14:07:26 :: Good URL status for: kmdw
INFO 2021-10-01 14:07:26 :: Good URL status for: kgyy
INFO 2021-10-01 14:07:26 :: Good URL status for: krfd
INFO 2021-10-01 14:07:26 :: Good URL status for: kugn
INFO 2021-10-01 14:07:26 :: Good URL status for: kdpa
INFO 2021-10-01 14:07:26 :: Good URL status for: kikk
INFO 2021-10-01 14:07:27 :: Good URL status for: kvys
INFO 2021-10-01 14:07:27 :: Good URL status for: kpnt
INFO 2021-10-01 14:07:27 :: Good URL status for: kc09
INFO 2021-10-01 14:07:27 :: Good URL status for: krpj
INFO 2021-10-01 14:07:27 :: Good URL status for: kmgc
INFO 2021-10-01 14:07:27 :: Good URL status for: brhr
INFO 2021-10-01 14:07:27 :: Good URL status for: lm2
INFO 2021-10-01 14:07:27 :: Good URL status for: lm3
INFO 2021-10-01 14:07:27 :: Good URL status for: kcgx
INFO 2021-10-01 14:07:27 :: Good URL status for: klaf
INFO 2021-10-01 14:07:27 :: Good URL status for: kvpz
INFO 2021-10-01 14:07:27 :: Good URL status for: 3ck
INFO 2021-10-01 14:07:27 :: Good URL status for: kdkb
INFO 2021-10-01 14:07:27 :: Good URL status for: karr
INFO 2021-10-01 14:07:27 :: Good URL status for: klot
INFO 2021-10-01 14:07:27 :: Good URL status for: kvpz
INFO 2021-10-01 14:07:27 :: Good URL status for: p%23b
INFO 2021-10-01 14:07:28 :: Good URL status for: paxt
INFO 2021-10-01 14:07:30 :: Function: download_bufkit took: 4.0 seconds
INFO 2021-10-01 14:12:00 :: ----> New download processing
INFO 2021-10-01 14:12:00 :: Latest available rap cycle: 2021-10-01 17:00:00
INFO 2021-10-01 14:12:00 :: target_cycle extended cycle is: 2021-10-01 15:00:00
INFO 2021-10-01 14:12:00 :: Data exists locally. Exiting download.
INFO 2021-10-01 14:12:00 :: Function: download_bufkit took: 0.1 seconds
INFO 2021-10-01 14:13:00 :: ----> New download processing
INFO 2021-10-01 14:13:00 :: Latest available rap cycle: 2021-10-01 17:00:00
INFO 2021-10-01 14:13:00 :: target_cycle extended cycle is: 2021-10-01 15:00:00
INFO 2021-10-01 14:13:00 :: latest_rap file not found. Continuing with download
INFO 2021-10-01 14:13:01 :: Good URL status for: kord
INFO 2021-10-01 14:13:01 :: Good URL status for: kmdw
INFO 2021-10-01 14:13:01 :: Good URL status for: kgyy
INFO 2021-10-01 14:13:01 :: Good URL status for: krfd
INFO 2021-10-01 14:13:01 :: Good URL status for: kugn
INFO 2021-10-01 14:13:01 :: Good URL status for: kdpa
INFO 2021-10-01 14:13:01 :: Good URL status for: kikk
INFO 2021-10-01 14:13:01 :: Good URL status for: kvys
INFO 2021-10-01 14:13:01 :: Good URL status for: kpnt
INFO 2021-10-01 14:13:01 :: Good URL status for: kc09
INFO 2021-10-01 14:13:01 :: Good URL status for: krpj
INFO 2021-10-01 14:13:01 :: Good URL status for: kmgc
INFO 2021-10-01 14:13:01 :: Good URL status for: brhr
INFO 2021-10-01 14:13:01 :: Good URL status for: lm2
INFO 2021-10-01 14:13:01 :: Good URL status for: lm3
INFO 2021-10-01 14:13:01 :: Good URL status for: kcgx
INFO 2021-10-01 14:13:02 :: Good URL status for: klaf
INFO 2021-10-01 14:13:02 :: Good URL status for: kvpz
INFO 2021-10-01 14:13:02 :: Good URL status for: 3ck
INFO 2021-10-01 14:13:02 :: Good URL status for: kdkb
INFO 2021-10-01 14:13:02 :: Good URL status for: karr
INFO 2021-10-01 14:13:02 :: Good URL status for: klot
INFO 2021-10-01 14:13:02 :: Good URL status for: kvpz
INFO 2021-10-01 14:13:02 :: Good URL status for: p%23b
INFO 2021-10-01 14:13:02 :: Good URL status for: paxt
INFO 2021-10-01 14:13:05 :: Function: download_bufkit took: 4.5 seconds
INFO 2021-10-01 14:16:00 :: ----> New download processing
INFO 2021-10-01 14:16:00 :: Script directory: /Users/leecarlaw/scripts/bufkit
INFO 2021-10-01 14:16:00 :: Latest available rap cycle: 2021-10-01 17:00:00
INFO 2021-10-01 14:16:00 :: target_cycle extended cycle is: 2021-10-01 15:00:00
INFO 2021-10-01 14:16:00 :: Data exists locally. Exiting download.
INFO 2021-10-01 14:16:00 :: Function: download_bufkit took: 0.1 seconds
INFO 2021-10-01 14:19:01 :: ----> New download processing
INFO 2021-10-01 14:19:01 :: Latest available rap cycle: 2021-10-01 17:00:00
INFO 2021-10-01 14:19:01 :: target_cycle extended cycle is: 2021-10-01 15:00:00
INFO 2021-10-01 14:19:01 :: latest_rap file not found. Continuing with download
INFO 2021-10-01 14:19:01 :: Good URL status for: kord
INFO 2021-10-01 14:19:01 :: Good URL status for: kmdw
INFO 2021-10-01 14:19:01 :: Good URL status for: kgyy
INFO 2021-10-01 14:19:01 :: Good URL status for: krfd
INFO 2021-10-01 14:19:01 :: Good URL status for: kugn
INFO 2021-10-01 14:19:01 :: Good URL status for: kdpa
INFO 2021-10-01 14:19:01 :: Good URL status for: kikk
INFO 2021-10-01 14:19:01 :: Good URL status for: kvys
INFO 2021-10-01 14:19:01 :: Good URL status for: kpnt
INFO 2021-10-01 14:19:01 :: Good URL status for: kc09
INFO 2021-10-01 14:19:02 :: Good URL status for: krpj
INFO 2021-10-01 14:19:02 :: Good URL status for: kmgc
INFO 2021-10-01 14:19:02 :: Good URL status for: brhr
INFO 2021-10-01 14:19:02 :: Good URL status for: lm2
INFO 2021-10-01 14:19:02 :: Good URL status for: lm3
INFO 2021-10-01 14:19:02 :: Good URL status for: kcgx
INFO 2021-10-01 14:19:02 :: Good URL status for: klaf
INFO 2021-10-01 14:19:02 :: Good URL status for: kvpz
INFO 2021-10-01 14:19:02 :: Good URL status for: 3ck
INFO 2021-10-01 14:19:02 :: Good URL status for: kdkb
INFO 2021-10-01 14:19:02 :: Good URL status for: karr
INFO 2021-10-01 14:19:02 :: Good URL status for: klot
INFO 2021-10-01 14:19:02 :: Good URL status for: kvpz
INFO 2021-10-01 14:19:02 :: Good URL status for: p%23b
INFO 2021-10-01 14:19:02 :: Good URL status for: paxt
INFO 2021-10-01 14:19:06 :: Function: download_bufkit took: 5.4 seconds
INFO 2021-10-01 16:19:00 :: ----> New download processing
INFO 2021-10-01 16:19:01 :: Latest available rap cycle: 2021-10-01 19:00:00
INFO 2021-10-01 16:19:01 :: target_cycle extended cycle is: 2021-10-01 15:00:00
INFO 2021-10-01 16:19:01 :: Data exists locally. Exiting download.
INFO 2021-10-01 16:19:01 :: Function: download_bufkit took: 0.4 seconds
INFO 2021-10-02 01:19:00 :: ----> New download processing
INFO 2021-10-02 01:19:00 :: Latest available rap cycle: 2021-10-02 04:00:00
INFO 2021-10-02 01:19:00 :: target_cycle extended cycle is: 2021-10-02 03:00:00
INFO 2021-10-02 01:19:01 :: Good URL status for: kord
INFO 2021-10-02 01:19:01 :: Good URL status for: kmdw
INFO 2021-10-02 01:19:01 :: Good URL status for: kgyy
INFO 2021-10-02 01:19:01 :: Good URL status for: krfd
INFO 2021-10-02 01:19:01 :: Good URL status for: kugn
INFO 2021-10-02 01:19:01 :: Good URL status for: kdpa
INFO 2021-10-02 01:19:01 :: Good URL status for: kikk
INFO 2021-10-02 01:19:01 :: Good URL status for: kvys
INFO 2021-10-02 01:19:01 :: Good URL status for: kpnt
INFO 2021-10-02 01:19:01 :: Good URL status for: kc09
INFO 2021-10-02 01:19:01 :: Good URL status for: krpj
INFO 2021-10-02 01:19:02 :: Good URL status for: kmgc
INFO 2021-10-02 01:19:02 :: Good URL status for: brhr
INFO 2021-10-02 01:19:02 :: Good URL status for: lm2
INFO 2021-10-02 01:19:02 :: Good URL status for: lm3
INFO 2021-10-02 01:19:02 :: Good URL status for: kcgx
INFO 2021-10-02 01:19:02 :: Good URL status for: klaf
INFO 2021-10-02 01:19:02 :: Good URL status for: kvpz
INFO 2021-10-02 01:19:02 :: Good URL status for: 3ck
INFO 2021-10-02 01:19:02 :: Good URL status for: kdkb
INFO 2021-10-02 01:19:02 :: Good URL status for: karr
INFO 2021-10-02 01:19:02 :: Good URL status for: klot
INFO 2021-10-02 01:19:02 :: Good URL status for: kvpz
INFO 2021-10-02 01:19:03 :: Good URL status for: p%23b
INFO 2021-10-02 01:19:03 :: Good URL status for: paxt
INFO 2021-10-02 01:19:05 :: Function: download_bufkit took: 4.6 seconds
INFO 2021-10-02 05:19:01 :: ----> New download processing
INFO 2021-10-02 05:19:01 :: Latest available rap cycle: 2021-10-02 08:00:00
INFO 2021-10-02 05:19:01 :: target_cycle extended cycle is: 2021-10-02 03:00:00
INFO 2021-10-02 05:19:01 :: Data exists locally. Exiting download.
INFO 2021-10-02 05:19:01 :: Function: download_bufkit took: 0.3 seconds
INFO 2021-10-02 07:19:00 :: ----> New download processing
INFO 2021-10-02 07:19:00 :: Latest available rap cycle: 2021-10-02 10:00:00
INFO 2021-10-02 07:19:00 :: target_cycle extended cycle is: 2021-10-02 09:00:00
INFO 2021-10-02 07:19:01 :: Good URL status for: kord
INFO 2021-10-02 07:19:01 :: Good URL status for: kmdw
INFO 2021-10-02 07:19:01 :: Good URL status for: kgyy
INFO 2021-10-02 07:19:01 :: Good URL status for: krfd
INFO 2021-10-02 07:19:01 :: Good URL status for: kugn
INFO 2021-10-02 07:19:01 :: Good URL status for: kdpa
INFO 2021-10-02 07:19:02 :: Good URL status for: kikk
INFO 2021-10-02 07:19:02 :: Good URL status for: kvys
INFO 2021-10-02 07:19:02 :: Good URL status for: kpnt
INFO 2021-10-02 07:19:02 :: Good URL status for: kc09
INFO 2021-10-02 07:19:03 :: Good URL status for: krpj
INFO 2021-10-02 07:19:03 :: Good URL status for: kmgc
INFO 2021-10-02 07:19:03 :: Good URL status for: brhr
INFO 2021-10-02 07:19:03 :: Good URL status for: lm2
INFO 2021-10-02 07:19:03 :: Good URL status for: lm3
INFO 2021-10-02 07:19:03 :: Good URL status for: kcgx
INFO 2021-10-02 07:19:03 :: Good URL status for: klaf
INFO 2021-10-02 07:19:03 :: Good URL status for: kvpz
INFO 2021-10-02 07:19:03 :: Good URL status for: 3ck
INFO 2021-10-02 07:19:03 :: Good URL status for: kdkb
INFO 2021-10-02 07:19:04 :: Good URL status for: karr
INFO 2021-10-02 07:19:04 :: Good URL status for: klot
INFO 2021-10-02 07:19:04 :: Good URL status for: kvpz
INFO 2021-10-02 07:19:04 :: Good URL status for: p%23b
INFO 2021-10-02 07:19:04 :: Good URL status for: paxt
INFO 2021-10-02 07:19:06 :: Function: download_bufkit took: 5.6 seconds
